# JRE version: OpenJDK Runtime Environment Microsoft-8035246 (17.0.8+7) (build 17.0.8+7-LTS)
# Java VM: OpenJDK 64-Bit Server VM Microsoft-8035246 (17.0.8+7-LTS, mixed mode, tiered, compressed oops, compressed class ptrs, g1 gc, windows-amd64)
GC Precious Log:
 CPUs: 6 total, 6 available
 Memory: 16330M
 Large Page Support: Disabled
 NUMA Support: Disabled
 Compressed Oops: Enabled (Zero based)
 Heap Region Size: 8M
 Heap Min Capacity: 256M
 Heap Initial Capacity: 256M
 Heap Max Capacity: 11904M
 Pre-touch: Disabled
 Parallel Workers: 6
 Concurrent Workers: 2
 Concurrent Refinement Workers: 6
 Periodic GC: Disabled
Heap:
 garbage-first heap   total 2351104K, used 1345385K [0x0000000518000000, 0x0000000800000000)
  region size 8192K, 105 young (860160K), 9 survivors (73728K)
 Metaspace       used 212981K, committed 215040K, reserved 1245184K
  class space    used 36574K, committed 37504K, reserved 1048576K
GC Heap History (20 events):
Event: 20.997 GC heap before
{Heap before GC invocations=44 (full 0):
 garbage-first heap   total 974848K, used 815444K [0x0000000518000000, 0x0000000800000000)
  region size 8192K, 58 young (475136K), 6 survivors (49152K)
 Metaspace       used 162513K, committed 164416K, reserved 1245184K
  class space    used 27432K, committed 28288K, reserved 1048576K
}
Event: 21.015 GC heap after
{Heap after GC invocations=45 (full 0):
 garbage-first heap   total 974848K, used 402766K [0x0000000518000000, 0x0000000800000000)
  region size 8192K, 5 young (40960K), 5 survivors (40960K)
 Metaspace       used 162513K, committed 164416K, reserved 1245184K
  class space    used 27432K, committed 28288K, reserved 1048576K
}
Event: 22.686 GC heap before
{Heap before GC invocations=45 (full 0):
 garbage-first heap   total 974848K, used 812366K [0x0000000518000000, 0x0000000800000000)
  region size 8192K, 55 young (450560K), 5 survivors (40960K)
 Metaspace       used 178456K, committed 180352K, reserved 1245184K
  class space    used 30903K, committed 31744K, reserved 1048576K
}
Event: 22.706 GC heap after
{Heap after GC invocations=46 (full 0):
 garbage-first heap   total 1327104K, used 424837K [0x0000000518000000, 0x0000000800000000)
  region size 8192K, 5 young (40960K), 5 survivors (40960K)
 Metaspace       used 178456K, committed 180352K, reserved 1245184K
  class space    used 30903K, committed 31744K, reserved 1048576K
}
Event: 24.009 GC heap before
{Heap before GC invocations=46 (full 0):
 garbage-first heap   total 1327104K, used 1072005K [0x0000000518000000, 0x0000000800000000)
  region size 8192K, 84 young (688128K), 5 survivors (40960K)
 Metaspace       used 188805K, committed 190784K, reserved 1245184K
  class space    used 32708K, committed 33600K, reserved 1048576K
}
Event: 24.023 GC heap after
{Heap after GC invocations=47 (full 0):
 garbage-first heap   total 1327104K, used 432631K [0x0000000518000000, 0x0000000800000000)
  region size 8192K, 6 young (49152K), 6 survivors (49152K)
 Metaspace       used 188805K, committed 190784K, reserved 1245184K
  class space    used 32708K, committed 33600K, reserved 1048576K
}
Event: 24.369 GC heap before
{Heap before GC invocations=47 (full 0):
 garbage-first heap   total 1327104K, used 1087991K [0x0000000518000000, 0x0000000800000000)
  region size 8192K, 86 young (704512K), 6 survivors (49152K)
 Metaspace       used 191261K, committed 193280K, reserved 1245184K
  class space    used 33092K, committed 33984K, reserved 1048576K
}
Event: 24.393 GC heap after
{Heap after GC invocations=48 (full 0):
 garbage-first heap   total 1327104K, used 466023K [0x0000000518000000, 0x0000000800000000)
  region size 8192K, 10 young (81920K), 10 survivors (81920K)
 Metaspace       used 191261K, committed 193280K, reserved 1245184K
  class space    used 33092K, committed 33984K, reserved 1048576K
}
Event: 24.626 GC heap before
{Heap before GC invocations=48 (full 0):
 garbage-first heap   total 1327104K, used 1088615K [0x0000000518000000, 0x0000000800000000)
  region size 8192K, 86 young (704512K), 10 survivors (81920K)
 Metaspace       used 191658K, committed 193664K, reserved 1245184K
  class space    used 33136K, committed 34048K, reserved 1048576K
}
Event: 24.654 GC heap after
{Heap after GC invocations=49 (full 0):
 garbage-first heap   total 1327104K, used 497847K [0x0000000518000000, 0x0000000800000000)
  region size 8192K, 10 young (81920K), 10 survivors (81920K)
 Metaspace       used 191658K, committed 193664K, reserved 1245184K
  class space    used 33136K, committed 34048K, reserved 1048576K
}
Event: 24.872 GC heap before
{Heap before GC invocations=49 (full 0):
 garbage-first heap   total 1327104K, used 1087671K [0x0000000518000000, 0x0000000800000000)
  region size 8192K, 82 young (671744K), 10 survivors (81920K)
 Metaspace       used 193088K, committed 195136K, reserved 1245184K
  class space    used 33275K, committed 34176K, reserved 1048576K
}
Event: 24.892 GC heap after
{Heap after GC invocations=50 (full 0):
 garbage-first heap   total 1327104K, used 507405K [0x0000000518000000, 0x0000000800000000)
  region size 8192K, 6 young (49152K), 6 survivors (49152K)
 Metaspace       used 193088K, committed 195136K, reserved 1245184K
  class space    used 33275K, committed 34176K, reserved 1048576K
}
Event: 25.157 GC heap before
{Heap before GC invocations=50 (full 0):
 garbage-first heap   total 1327104K, used 1097229K [0x0000000518000000, 0x0000000800000000)
  region size 8192K, 79 young (647168K), 6 survivors (49152K)
 Metaspace       used 193506K, committed 195520K, reserved 1245184K
  class space    used 33305K, committed 34176K, reserved 1048576K
}
Event: 25.170 GC heap after
{Heap after GC invocations=51 (full 0):
 garbage-first heap   total 1327104K, used 512568K [0x0000000518000000, 0x0000000800000000)
  region size 8192K, 7 young (57344K), 7 survivors (57344K)
 Metaspace       used 193506K, committed 195520K, reserved 1245184K
  class space    used 33305K, committed 34176K, reserved 1048576K
}
Event: 25.397 GC heap before
{Heap before GC invocations=51 (full 0):
 garbage-first heap   total 1327104K, used 1110584K [0x0000000518000000, 0x0000000800000000)
  region size 8192K, 80 young (655360K), 7 survivors (57344K)
 Metaspace       used 193984K, committed 196032K, reserved 1245184K
  class space    used 33361K, committed 34304K, reserved 1048576K
}
Event: 25.413 GC heap after
{Heap after GC invocations=52 (full 0):
 garbage-first heap   total 2351104K, used 518827K [0x0000000518000000, 0x0000000800000000)
  region size 8192K, 4 young (32768K), 4 survivors (32768K)
 Metaspace       used 193984K, committed 196032K, reserved 1245184K
  class space    used 33361K, committed 34304K, reserved 1048576K
}
Event: 26.559 GC heap before
{Heap before GC invocations=52 (full 0):
 garbage-first heap   total 2351104K, used 1895083K [0x0000000518000000, 0x0000000800000000)
  region size 8192K, 172 young (1409024K), 4 survivors (32768K)
 Metaspace       used 197807K, committed 199808K, reserved 1245184K
  class space    used 34053K, committed 34944K, reserved 1048576K
}
Event: 26.577 GC heap after
{Heap after GC invocations=53 (full 0):
 garbage-first heap   total 2351104K, used 535527K [0x0000000518000000, 0x0000000800000000)
  region size 8192K, 6 young (49152K), 6 survivors (49152K)
 Metaspace       used 197807K, committed 199808K, reserved 1245184K
  class space    used 34053K, committed 34944K, reserved 1048576K
}
Event: 27.774 GC heap before
{Heap before GC invocations=53 (full 0):
 garbage-first heap   total 2351104K, used 1903591K [0x0000000518000000, 0x0000000800000000)
  region size 8192K, 172 young (1409024K), 6 survivors (49152K)
 Metaspace       used 205452K, committed 207488K, reserved 1245184K
  class space    used 35356K, committed 36288K, reserved 1048576K
}
Event: 27.800 GC heap after
{Heap after GC invocations=54 (full 0):
 garbage-first heap   total 2351104K, used 567145K [0x0000000518000000, 0x0000000800000000)
  region size 8192K, 9 young (73728K), 9 survivors (73728K)
 Metaspace       used 205452K, committed 207488K, reserved 1245184K
  class space    used 35356K, committed 36288K, reserved 1048576K
}

